2024-11-06 23:50:17,945 - INFO - Starting file renaming process in episodes
2024-11-06 23:50:17,945 - INFO - Renamed 'Buurman en Buurman   Geknoei [-OdpHBNg-g8].webm' to '01_Geknoei.webm'
2024-11-06 23:50:17,946 - INFO - File renaming process completed
2024-11-06 23:51:55,461 - INFO - Starting file renaming process in episodes
2024-11-06 23:51:55,461 - INFO - Renamed 'Buurman en Buurman   Behangen [2KTlxPgk6zk].webm' to '02_Behangen.webm'
2024-11-06 23:51:55,461 - INFO - Renamed 'NL   Buurman en Buurman   03 Boekenkast [tEQUriiieZc].webm' to '03_Boekenkast.webm'
2024-11-06 23:51:55,461 - INFO - Renamed 'Buurman en Buurman 004 - Tapijt [Fl4nQ8jlE7Y].webm' to '04_Tapijt.webm'
2024-11-06 23:51:55,461 - INFO - Renamed 'NL   Buurman en Buurman   05 Schommelstoel [rzBClRk6Zag].webm' to '05_Schommelstoel.webm'
2024-11-06 23:51:55,461 - INFO - Renamed 'NL   Buurman en Buurman   07 Garage [5iUMjJv-sSw].webm' to '07_Garage.webm'
2024-11-06 23:51:55,461 - INFO - Renamed 'Buurman en Buurman 008 - Schaken [sNE-pAVuI_E].webm' to '08_Schaken.webm'
2024-11-06 23:51:55,461 - INFO - Renamed 'Buurman en Buurman 009 - Platenspeler [ynXAPjNETDo].webm' to '09_Platenspeler.webm'
2024-11-06 23:51:55,461 - INFO - Renamed 'Buurman en Buurman 010 - Kippetje grillen [DV8j6XKWEpo].webm' to '10_Kippetje grillen.webm'
2024-11-06 23:51:55,461 - INFO - Renamed 'Buurman en Buurman #12 Water (Nederlands Gesproken) [g7E6gOSlv3w].webm' to '12_Water.webm'
2024-11-06 23:51:55,461 - INFO - Renamed '14 Tuinkabouter Buurman en Buurman [IEFBCk5qpsI].webm' to '13_Tuinkabouter.webm'
2024-11-06 23:51:55,462 - INFO - Renamed 'Buurman en Buurman Schilderklus [zygcbSYMED4].webm' to '14_Schilderklus.webm'
2024-11-06 23:51:55,462 - INFO - Renamed 'Buurman en Buurman   Vliegen [HdX-XNUnJjY].webm' to '15_Vliegen.webm'
2024-11-06 23:51:55,462 - INFO - Renamed 'Buurman en Buurman #16： Strijkbout (Nederlands gesproken) [45kTE-oaOaE].webm' to '16_Strijkbout.webm'
2024-11-06 23:51:55,462 - INFO - Renamed 'Buurman en Buurman   Vogelhuisje [JMO1iTppf3Y].webm' to '17_Vogelhuisje.webm'
2024-11-06 23:51:55,462 - INFO - Renamed 'Buurman en Buurman   Wasdag [oxQmkuyERfk].webm' to '18_Wasdag.webm'
2024-11-06 23:51:55,462 - INFO - Renamed 'Buurman en Buurman Gym [b-L_vtz47wI].mkv' to '19_Gym.mkv'
2024-11-06 23:51:55,462 - INFO - Renamed 'Buurman en Buurman   Picknick [RVlfRhLlMWQ].webm' to '20_Picknick.webm'
2024-11-06 23:51:55,462 - INFO - Renamed 'Buurman en Buurman   De Wasmachine [I5H-LserObQ].webm' to '21_Wasmachine.webm'
2024-11-06 23:51:55,462 - INFO - Renamed 'Buurman en Buurman   Regen [TiVT1d28VYU].webm' to '22_Regen.webm'
2024-11-06 23:51:55,462 - INFO - Renamed 'Buurman en Buurman   Kamperen [lCdquY-cVH4].webm' to '23_Kamperen.webm'
2024-11-06 23:51:55,462 - INFO - Renamed 'Buurman en Buurman   Wijn maken [BSa7g4tHRBs].webm' to '24_Wijn maken.webm'
2024-11-06 23:51:55,462 - INFO - Renamed 'Buurman en Buurman   Schaatsen [rEQn-fRjsFY].webm' to '25_Schaatsen.webm'
2024-11-06 23:51:55,462 - INFO - Renamed 'Buurman en Buurman - Piano [4W4b_AbYOI0].webm' to '26_Piano.webm'
2024-11-06 23:51:55,462 - INFO - Renamed 'Buurman en Buurman - Servies [8Toqmn9wK6k].webm' to '27_Servies.webm'
2024-11-06 23:51:55,462 - INFO - Renamed 'Buurman en Buurman Televisie Sport [91nAB32-0EM].webm' to '28_Televisie sport.webm'
2024-11-06 23:51:55,462 - INFO - Renamed 'Buurman en buurman： Appel [lQXQCo3jxRE].mkv' to '29_Appel.mkv'
2024-11-06 23:51:55,462 - INFO - Renamed 'Buurman en Buurman   Garagedeur [GtIjmEMUu5s].webm' to '07_Garage.webm'
2024-11-06 23:51:55,463 - INFO - Renamed 'Buurman en Buurman   Zweefvliegen [aIlbcy6NrvQ].webm' to '15_Vliegen.webm'
2024-11-06 23:51:55,463 - INFO - Renamed 'Buurman en buurman： de waterleiding [IMD4AkA_JyY].webm' to '12_Water.webm'
2024-11-06 23:51:55,464 - INFO - Renamed '01_Geknoei.webm' to '01_Geknoei.webm'
2024-11-06 23:51:55,464 - INFO - File renaming process completed
